2025-03-12 18:21:08,085 INFO: Starting Password Generator App...
2025-03-12 18:21:08,516 INFO: Starting Password Generator App...
2025-03-12 18:21:23,334 INFO: Password created. Length requested: 8, Char set size: 94
2025-03-12 18:21:33,499 INFO: Password created. Length requested: 10, Char set size: 94
2025-03-13 01:18:07,158 INFO: Starting Password Generator App...
2025-03-13 01:18:07,590 INFO: Starting Password Generator App...
2025-03-13 01:20:48,767 INFO: Starting Password Generator App...
2025-03-13 01:21:00,315 INFO: Starting Password Generator App...
2025-03-13 01:21:02,748 INFO: Starting Password Generator App...
2025-03-13 01:22:33,704 INFO: Starting Password Generator App...
2025-03-13 01:32:53,851 INFO: Starting Password Generator App...
2025-03-13 01:32:54,221 INFO: Starting Password Generator App...
2025-03-13 02:22:17,941 INFO: Starting Password Generator App...
2025-03-13 02:22:18,578 INFO: Starting Password Generator App...
2025-03-13 02:26:36,612 INFO: Starting Password Generator App...
2025-03-13 02:26:37,289 INFO: Starting Password Generator App...
2025-03-13 02:38:20,778 INFO: Password created. Length: 8, Char set: 94, Count so far: 1
2025-03-13 02:38:28,199 INFO: Password created. Length: 8, Char set: 94, Count so far: 2
2025-03-13 02:38:28,422 INFO: Password created. Length: 8, Char set: 94, Count so far: 3
2025-03-13 02:38:29,625 INFO: Password created. Length: 8, Char set: 94, Count so far: 4
2025-03-13 02:52:46,688 INFO: Password created. Length: 8, Char set: 94, Count so far: 1
2025-03-13 02:52:48,798 INFO: Password created. Length: 8, Char set: 94, Count so far: 2
2025-03-13 02:52:49,565 INFO: Password created. Length: 8, Char set: 94, Count so far: 3
2025-03-13 02:52:49,798 INFO: Password created. Length: 8, Char set: 94, Count so far: 4
2025-03-13 02:52:49,994 INFO: Password created. Length: 8, Char set: 94, Count so far: 5
2025-03-13 02:52:50,379 INFO: Password created. Length: 8, Char set: 94, Count so far: 6
2025-03-13 02:52:50,609 INFO: Password created. Length: 8, Char set: 94, Count so far: 7
2025-03-13 02:52:55,745 INFO: Password created. Length: 11, Char set: 94, Count so far: 8
2025-03-13 02:52:56,124 INFO: Password created. Length: 8, Char set: 94, Count so far: 9
2025-03-13 03:37:52,871 INFO: Password created. Length: 8, Char set: 94, Count so far: 10
2025-03-13 03:37:55,543 INFO: Password created. Length: 8, Char set: 94, Count so far: 11
2025-03-13 03:37:57,477 INFO: Password created. Length: 8, Char set: 94, Count so far: 12
2025-03-13 03:37:57,976 INFO: Password created. Length: 8, Char set: 94, Count so far: 13
2025-03-13 03:38:02,679 INFO: Password created. Length: 10, Char set: 94, Count so far: 14
2025-03-13 03:41:28,573 INFO: Password created. Length: 8, Char set: 94, Count so far: 15
2025-03-13 03:41:34,164 INFO: Password created. Length: 12, Char set: 94, Count so far: 16
2025-03-13 03:41:36,343 INFO: Password created. Length: 8, Char set: 94, Count so far: 17
2025-03-13 03:41:37,103 INFO: Password created. Length: 8, Char set: 94, Count so far: 18
2025-03-13 03:41:37,760 INFO: Password created. Length: 8, Char set: 94, Count so far: 19
2025-03-13 03:41:38,088 INFO: Password created. Length: 8, Char set: 94, Count so far: 20
2025-03-13 03:41:38,421 INFO: Password created. Length: 8, Char set: 94, Count so far: 21
2025-03-13 03:41:38,771 INFO: Password created. Length: 8, Char set: 94, Count so far: 22
2025-03-13 03:41:39,098 INFO: Password created. Length: 8, Char set: 94, Count so far: 23
2025-03-13 03:41:39,246 INFO: Password created. Length: 8, Char set: 94, Count so far: 24
2025-03-13 03:41:39,410 INFO: Password created. Length: 8, Char set: 94, Count so far: 25
2025-03-13 03:41:39,608 INFO: Password created. Length: 8, Char set: 94, Count so far: 26
2025-03-13 03:41:39,780 INFO: Password created. Length: 8, Char set: 94, Count so far: 27
2025-03-13 03:41:40,165 INFO: Password created. Length: 8, Char set: 94, Count so far: 28
2025-03-13 03:42:36,351 INFO: Password created. Length: 8, Char set: 94, Count so far: 29
2025-03-13 03:42:36,680 INFO: Password created. Length: 8, Char set: 94, Count so far: 30
2025-03-13 03:42:36,852 INFO: Password created. Length: 8, Char set: 94, Count so far: 31
2025-03-13 03:42:37,049 INFO: Password created. Length: 8, Char set: 94, Count so far: 32
2025-03-13 03:42:37,229 INFO: Password created. Length: 8, Char set: 94, Count so far: 33
2025-03-13 03:42:37,432 INFO: Password created. Length: 8, Char set: 94, Count so far: 34
2025-03-13 03:42:37,866 INFO: Password created. Length: 8, Char set: 94, Count so far: 35
2025-03-13 03:42:38,227 INFO: Password created. Length: 8, Char set: 94, Count so far: 36
2025-03-13 03:42:38,417 INFO: Password created. Length: 8, Char set: 94, Count so far: 37
2025-03-13 03:42:38,784 INFO: Password created. Length: 8, Char set: 94, Count so far: 38
2025-03-13 03:42:39,155 INFO: Password created. Length: 8, Char set: 94, Count so far: 39
2025-03-13 03:42:39,343 INFO: Password created. Length: 8, Char set: 94, Count so far: 40
2025-03-13 03:42:39,640 INFO: Password created. Length: 8, Char set: 94, Count so far: 41
2025-03-13 09:49:50,918 INFO: Password created. Length: 8, Char set: 58, Count so far: 42
2025-03-13 10:06:40,515 INFO: Starting Password Generator App (with DB count)...
2025-03-13 10:06:52,894 INFO: Password created. Length: 8, Char set: 94, Count so far: 43
2025-03-13 10:08:39,080 INFO: Password created. Length: 8, Char set: 94, Count so far: 44
2025-03-13 10:08:40,530 INFO: Password created. Length: 8, Char set: 94, Count so far: 45
2025-03-13 10:12:28,982 INFO: Starting Password Generator App (with Strength Suggestion)...
2025-03-13 10:12:30,217 INFO: Starting Password Generator App (with Strength Suggestion)...
2025-03-13 10:12:42,347 INFO: Password created. Length: 8, Char set: 94, Count so far: 46
2025-03-13 10:15:21,602 INFO: Starting Password Generator App (with Strength Suggestion)...
2025-03-13 10:15:23,361 INFO: Starting Password Generator App (with Strength Suggestion)...
2025-03-13 10:15:30,671 INFO: Password created. Length: 8, Char set: 94, Count so far: 47
2025-03-13 10:18:24,134 INFO: Starting Password Generator App (with Strength Suggestion)...
2025-03-13 10:18:25,838 INFO: Starting Password Generator App (with Strength Suggestion)...
2025-03-13 10:18:33,885 INFO: Password created. Length: 8, Char set: 94, Count so far: 48
2025-03-13 10:20:19,554 INFO: Starting Password Generator App (with Strength Suggestion)...
2025-03-13 10:20:21,410 INFO: Starting Password Generator App (with Strength Suggestion)...
2025-03-13 10:20:28,226 INFO: Password created. Length: 8, Char set: 94, Count so far: 49
2025-03-13 10:20:59,137 INFO: Password created. Length: 17, Char set: 94, Count so far: 50
